\BOOKMARK [1][-]{Doc-Start}{\376\377\0001\000.\000\040\325\004\270\134\310\035\322\270\000\040\254\034\306\224}{}% 1
\BOOKMARK [2][-]{section*.1}{\376\377\0001\000.\0001\000\040\325\004\270\134\310\035\322\270\272\205}{Doc-Start}% 2
\BOOKMARK [2][-]{section*.1}{\376\377\0001\000.\0002\000\040\325\134\000\040\311\004\000\040\310\025\307\130}{Doc-Start}% 3
\BOOKMARK [2][-]{section*.1}{\376\377\0001\000.\0003\000\040\256\060\326\215\000\040\274\060\254\275}{Doc-Start}% 4
\BOOKMARK [1][-]{section*.1}{\376\377\0002\000.\000\040\273\070\310\034\000\040\310\025\307\130}{}% 5
\BOOKMARK [2][-]{section*.2}{\376\377\0002\000.\0001\000\040\300\254\306\251\307\220\000\040\273\070\310\034}{section*.1}% 6
\BOOKMARK [2][-]{section*.2}{\376\377\0002\000.\0002\000\040\302\334\307\245\000\267\306\264\306\001\000\040\273\070\310\034}{section*.1}% 7
\BOOKMARK [1][-]{section*.2}{\376\377\0003\000.\000\040\325\004\270\134\310\035\322\270\000\040\272\251\324\134}{}% 8
\BOOKMARK [2][-]{section*.3}{\376\377\0003\000.\0001\000\040\325\165\302\354\000\040\272\251\324\134}{section*.2}% 9
\BOOKMARK [2][-]{section*.3}{\376\377\0003\000.\0002\000\040\301\061\254\365\000\040\256\060\311\000}{section*.2}% 10
\BOOKMARK [1][-]{section*.3}{\376\377\0004\000.\000\040\301\034\276\104\302\244\000\040\254\034\261\120}{}% 11
\BOOKMARK [2][-]{section*.4}{\376\377\0004\000.\0001\000\040\325\165\302\354\000\040\301\034\276\104\302\244}{section*.3}% 12
\BOOKMARK [2][-]{section*.4}{\376\377\0004\000.\0002\000\040\300\254\306\251\307\220\000\040\327\120\271\204}{section*.3}% 13
\BOOKMARK [1][-]{table.1}{\376\377\0005\000.\000\040\310\374\306\224\000\040\300\254\306\251\307\220\000\040\274\017\000\040\307\164\325\164\255\000\254\304\307\220}{}% 14
\BOOKMARK [1][-]{table.2}{\376\377\0006\000.\000\040\325\004\270\134\310\035\322\270\000\040\274\224\307\004}{}% 15
\BOOKMARK [2][-]{section*.5}{\376\377\0006\000.\0001\000\040\000P\000o\000C\000\040\274\224\307\004}{table.2}% 16
\BOOKMARK [2][-]{table.3}{\376\377\0006\000.\0002\000\040\310\034\306\170\000\040\274\224\307\004}{table.2}% 17
\BOOKMARK [1][-]{table.3}{\376\377\0007\000.\000\040\256\060\262\245\000\040\255\154\301\061}{}% 18
\BOOKMARK [2][-]{section*.6}{\376\377\0007\000.\0001\000\040\300\254\306\251\307\220\000\040\256\060\262\245}{table.3}% 19
\BOOKMARK [2][-]{section*.6}{\376\377\0007\000.\0002\000\040\315\224\314\234\000\040\256\060\262\245}{table.3}% 20
\BOOKMARK [2][-]{table.4}{\376\377\0007\000.\0003\000\040\306\264\306\001\000\267\255\000\271\254\000\040\256\060\262\245}{table.3}% 21
\BOOKMARK [1][-]{table.4}{\376\377\0008\000.\000\040\263\160\307\164\321\060\000\040\274\017\000\040\306\170\275\200\000\040\305\360\263\331}{}% 22
\BOOKMARK [2][-]{section*.7}{\376\377\0008\000.\0001\000\040\325\104\306\224\000\040\263\160\307\164\321\060}{table.4}% 23
\BOOKMARK [2][-]{table.5}{\376\377\0008\000.\0002\000\040\306\170\275\200\000\040\305\360\263\331}{table.4}% 24
\BOOKMARK [1][-]{table.6}{\376\377\0009\000.\000\040\256\060\302\040\000\040\274\051\325\245}{}% 25
\BOOKMARK [2][-]{section*.8}{\376\377\0009\000.\0001\000\040\315\224\314\234\000\040\255\154\310\160}{table.6}% 26
\BOOKMARK [2][-]{section*.8}{\376\377\0009\000.\0002\000\040\302\334\302\244\321\134\000\040\306\320\316\131}{table.6}% 27
\BOOKMARK [1][-]{section*.8}{\376\377\0001\0000\000.\000\040\315\224\311\304\000\040\307\174\310\025}{}% 28
\BOOKMARK [1][-]{table.7}{\376\377\0001\0001\000.\000\040\256\060\263\000\000\040\326\250\254\374}{}% 29
\BOOKMARK [1][-]{table.7}{\376\377\0001\0002\000.\000\040\271\254\302\244\320\154\000\040\274\017\000\040\263\000\307\121}{}% 30
\BOOKMARK [1][-]{table.8}{\376\377\0001\0003\000.\000\040\326\304\301\215\000\040\273\070\301\034}{}% 31
\BOOKMARK [1][-]{table.9}{\376\377\0001\0004\000.\000\040\274\300\254\275\000\040\307\164\270\045}{}% 32
