This is XeTeX, Version 3.141592653-2.6-0.999998 (MiKTeX 26.2) (preloaded format=xelatex 2026.2.25)  31 MAY 2026 00:07
entering extended mode
 restricted \write18 enabled.
 %&-line parsing enabled.
**./pdf/requirements_definition.tex
(pdf/requirements_definition.tex
LaTeX2e <2025-11-01>
L3 programming layer <2026-01-19>
(C:\Program Files\MiKTeX\tex/latex/base\article.cls
Document Class: article 2025/01/22 v1.4n Standard LaTeX document class
(C:\Program Files\MiKTeX\tex/latex/base\size12.clo
File: size12.clo 2025/01/22 v1.4n Standard LaTeX file (size option)
)
\c@part=\count271
\c@section=\count272
\c@subsection=\count273
\c@subsubsection=\count274
\c@paragraph=\count275
\c@subparagraph=\count276
\c@figure=\count277
\c@table=\count278
\abovecaptionskip=\skip49
\belowcaptionskip=\skip50
\bibindent=\dimen148
)
(C:\Program Files\MiKTeX\tex/latex/geometry\geometry.sty
Package: geometry 2020/01/02 v5.9 Page Geometry

(C:\Program Files\MiKTeX\tex/latex/graphics\keyval.sty
Package: keyval 2022/05/29 v1.15 key=value parser (DPC)
\KV@toks@=\toks17
)
(C:\Program Files\MiKTeX\tex/generic/iftex\ifvtex.sty
Package: ifvtex 2019/10/25 v1.7 ifvtex legacy package. Use iftex instead.

(C:\Program Files\MiKTeX\tex/generic/iftex\iftex.sty
Package: iftex 2024/12/12 v1.0g TeX engine tests
))
\Gm@cnth=\count279
\Gm@cntv=\count280
\c@Gm@tempcnt=\count281
\Gm@bindingoffset=\dimen149
\Gm@wd@mp=\dimen150
\Gm@odd@mp=\dimen151
\Gm@even@mp=\dimen152
\Gm@layoutwidth=\dimen153
\Gm@layoutheight=\dimen154
\Gm@layouthoffset=\dimen155
\Gm@layoutvoffset=\dimen156
\Gm@dimlist=\toks18

(C:\Program Files\MiKTeX\tex/latex/geometry\geometry.cfg))
(C:\Program Files\MiKTeX\tex/latex/fontspec\fontspec.sty
(C:\Program Files\MiKTeX\tex/latex/l3packages/xparse\xparse.sty
(C:\Program Files\MiKTeX\tex/latex/l3kernel\expl3.sty
Package: expl3 2026-01-19 L3 programming layer (loader) 

(C:\Program Files\MiKTeX\tex/latex/l3backend\l3backend-xetex.def
File: l3backend-xetex.def 2025-10-09 L3 backend support: XeTeX
\g__graphics_track_int=\count282
\g__pdfannot_backend_int=\count283
\g__pdfannot_backend_link_int=\count284
))
Package: xparse 2025-10-09 L3 Experimental document command parser
)
Package: fontspec 2025/09/29 v2.9g Font selection for XeLaTeX and LuaLaTeX

(C:\Program Files\MiKTeX\tex/latex/fontspec\fontspec-xetex.sty
Package: fontspec-xetex 2025/09/29 v2.9g Font selection for XeLaTeX and LuaLaTe
X
\l__fontspec_script_int=\count285
\l__fontspec_language_int=\count286
\l__fontspec_strnum_int=\count287
\l__fontspec_tmp_int=\count288
\l__fontspec_tmpa_int=\count289
\l__fontspec_tmpb_int=\count290
\l__fontspec_tmpc_int=\count291
\l__fontspec_em_int=\count292
\l__fontspec_emdef_int=\count293
\l__fontspec_strong_int=\count294
\l__fontspec_strongdef_int=\count295
\l__fontspec_tmpa_dim=\dimen157
\l__fontspec_tmpb_dim=\dimen158
\l__fontspec_tmpc_dim=\dimen159

(C:\Program Files\MiKTeX\tex/latex/base\fontenc.sty
Package: fontenc 2025/07/18 v2.1d Standard LaTeX package
)
(C:\Program Files\MiKTeX\tex/latex/fontspec\fontspec.cfg)))
(C:\Program Files\MiKTeX\tex/xelatex/xecjk\xeCJK.sty
Package: xeCJK 2022/08/05 v3.9.1 Typesetting CJK scripts with XeLaTeX

(C:\Program Files\MiKTeX\tex/latex/ctex\ctexhook.sty
Package: ctexhook 2022/07/14 v2.5.10 Document and package hooks (CTEX)
)
(C:\Program Files\MiKTeX\tex/latex/l3packages/xtemplate\xtemplate.sty
Package: xtemplate 2025-10-09 L3 Experimental prototype document functions
)
\l__xeCJK_tmp_int=\count296
\l__xeCJK_tmp_box=\box53
\l__xeCJK_tmp_dim=\dimen160
\l__xeCJK_tmp_skip=\skip51
\g__xeCJK_space_factor_int=\count297
\l__xeCJK_begin_int=\count298
\l__xeCJK_end_int=\count299
\c__xeCJK_CJK_class_int=\XeTeXcharclass1
\c__xeCJK_FullLeft_class_int=\XeTeXcharclass2
\c__xeCJK_FullRight_class_int=\XeTeXcharclass3
\c__xeCJK_HalfLeft_class_int=\XeTeXcharclass4
\c__xeCJK_HalfRight_class_int=\XeTeXcharclass5
\c__xeCJK_NormalSpace_class_int=\XeTeXcharclass6
\c__xeCJK_CM_class_int=\XeTeXcharclass7
\c__xeCJK_HangulJamo_class_int=\XeTeXcharclass8
\l__xeCJK_last_skip=\skip52
\c__xeCJK_none_node=\count300
\g__xeCJK_node_int=\count301
\c__xeCJK_CJK_node_dim=\dimen161
\c__xeCJK_CJK-space_node_dim=\dimen162
\c__xeCJK_default_node_dim=\dimen163
\c__xeCJK_CJK-widow_node_dim=\dimen164
\c__xeCJK_normalspace_node_dim=\dimen165
\c__xeCJK_default-space_node_skip=\skip53
\l__xeCJK_ccglue_skip=\skip54
\l__xeCJK_ecglue_skip=\skip55
\l__xeCJK_punct_kern_skip=\skip56
\l__xeCJK_indent_box=\box54
\l__xeCJK_last_penalty_int=\count302
\l__xeCJK_last_bound_dim=\dimen166
\l__xeCJK_last_kern_dim=\dimen167
\l__xeCJK_widow_penalty_int=\count303

LaTeX template Info: Declaring template type 'xeCJK/punctuation' taking 0
(template)           argument(s) on line 2396.

\l__xeCJK_fixed_punct_width_dim=\dimen168
\l__xeCJK_mixed_punct_width_dim=\dimen169
\l__xeCJK_middle_punct_width_dim=\dimen170
\l__xeCJK_fixed_margin_width_dim=\dimen171
\l__xeCJK_mixed_margin_width_dim=\dimen172
\l__xeCJK_middle_margin_width_dim=\dimen173
\l__xeCJK_bound_punct_width_dim=\dimen174
\l__xeCJK_bound_margin_width_dim=\dimen175
\l__xeCJK_margin_minimum_dim=\dimen176
\l__xeCJK_kerning_total_width_dim=\dimen177
\l__xeCJK_same_align_margin_dim=\dimen178
\l__xeCJK_different_align_margin_dim=\dimen179
\l__xeCJK_kerning_margin_width_dim=\dimen180
\l__xeCJK_kerning_margin_minimum_dim=\dimen181
\l__xeCJK_bound_dim=\dimen182
\l__xeCJK_reverse_bound_dim=\dimen183
\l__xeCJK_margin_dim=\dimen184
\l__xeCJK_minimum_bound_dim=\dimen185
\l__xeCJK_kerning_margin_dim=\dimen186
\g__xeCJK_family_int=\count304
\l__xeCJK_fam_int=\count305
\g__xeCJK_fam_allocation_int=\count306
\l__xeCJK_verb_case_int=\count307
\l__xeCJK_verb_exspace_skip=\skip57

(C:\Program Files\MiKTeX\tex/xelatex/xecjk\xeCJK.cfg
File: xeCJK.cfg 2022/08/05 v3.9.1 Configuration file for xeCJK package
))
(C:\Program Files\MiKTeX\tex/latex/cjk-ko\kotex.sty
Package: kotex 2015/04/19 v1.6 Korean TeX (ko.TeX)

(C:\Program Files\MiKTeX\tex/latex/kotex-utf\kotex.cfg)
(C:\Program Files\MiKTeX\tex/xetex/xetexko\xetexko.sty
Package: xetexko 2025/08/24 v4.6 typesetting Korean with XeTeX
\XeTeXcharclassID=\XeTeXcharclass9
\XeTeXcharclassCJ=\XeTeXcharclass10
\XeTeXcharclassOP=\XeTeXcharclass11
\XeTeXcharclassCL=\XeTeXcharclass12
\XeTeXcharclassEX=\XeTeXcharclass13
\XeTeXcharclassCM=\XeTeXcharclass14

(C:\Program Files\MiKTeX\tex/generic/unicode-data\load-unicode-xetex-classes.te
x 
load-unicode-xetex-classes.tex v1.19 (2025-09-26)
Reading Unicode east Asian character class data
# LineBreak-17.0.0.txt 
# Date: 2025-07-29, 13:52:18 GMT 
# EastAsianWidth-17.0.0.txt 
# Date: 2025-07-24, 00:12:54 GMT 
)
\XeTeXcharclassHG=\XeTeXcharclass15
\XeTeXcharclassJJ=\XeTeXcharclass16
\XeTeXcharclassMD=\XeTeXcharclass17
\XeTeXcharclassFS=\XeTeXcharclass18
\XeTeXcharclassLD=\XeTeXcharclass19
\XeTeXcharclassSY=\XeTeXcharclass20
\XeTeXcharclassAO=\XeTeXcharclass21
\XeTeXcharclassAC=\XeTeXcharclass22
\XeTeXcharclassAM=\XeTeXcharclass23
\XeTeXcharclassAH=\XeTeXcharclass24
\XeTeXcharclassAP=\XeTeXcharclass25
\XeTeXcharclassVC=\XeTeXcharclass26
\XeKo@toks@=\toks19
\XeKo@toks@ii=\toks20
\XeKo@skip@=\skip58
\XeKo@count@=\count308
\XeKo@dimen@=\dimen187
\XeKo@box@=\box55
\XeKo@dotemph@box=\box56
 (C:\Program Files\MiKTeX\tex/latex/cjk-ko\kolabels-utf.sty
Package: kolabels-utf 2015/03/20 v1.5 UTF-8 Hangul item labels
)))
(C:\Program Files\MiKTeX\tex/latex/graphics\graphicx.sty
Package: graphicx 2024/12/31 v1.2e Enhanced LaTeX Graphics (DPC,SPQR)

(C:\Program Files\MiKTeX\tex/latex/graphics\graphics.sty
Package: graphics 2024/08/06 v1.4g Standard LaTeX Graphics (DPC,SPQR)

(C:\Program Files\MiKTeX\tex/latex/graphics\trig.sty
Package: trig 2023/12/02 v1.11 sin cos tan (DPC)
)
(C:\Program Files\MiKTeX\tex/latex/graphics-cfg\graphics.cfg
File: graphics.cfg 2016/06/04 v1.11 sample graphics configuration
)
Package graphics Info: Driver file: xetex.def on input line 106.

(C:\Program Files\MiKTeX\tex/latex/graphics-def\xetex.def
File: xetex.def 2025/11/01 v5.0p Graphics/color driver for xetex
))
\Gin@req@height=\dimen188
\Gin@req@width=\dimen189
)
(C:\Program Files\MiKTeX\tex/latex/xcolor\xcolor.sty
Package: xcolor 2024/09/29 v3.02 LaTeX color extensions (UK)

(C:\Program Files\MiKTeX\tex/latex/graphics-cfg\color.cfg
File: color.cfg 2016/01/02 v1.6 sample color configuration
)
Package xcolor Info: Driver file: xetex.def on input line 274.

(C:\Program Files\MiKTeX\tex/latex/graphics\mathcolor.ltx)
Package xcolor Info: Model `cmy' substituted by `cmy0' on input line 1349.
Package xcolor Info: Model `RGB' extended on input line 1365.
Package xcolor Info: Model `HTML' substituted by `rgb' on input line 1367.
Package xcolor Info: Model `Hsb' substituted by `hsb' on input line 1368.
Package xcolor Info: Model `tHsb' substituted by `hsb' on input line 1369.
Package xcolor Info: Model `HSB' substituted by `hsb' on input line 1370.
Package xcolor Info: Model `Gray' substituted by `gray' on input line 1371.
Package xcolor Info: Model `wave' substituted by `hsb' on input line 1372.
)
(C:\Program Files\MiKTeX\tex/latex/colortbl\colortbl.sty
Package: colortbl 2024/10/29 v1.0k Color table columns (DPC)

(C:\Program Files\MiKTeX\tex/latex/tools\array.sty
Package: array 2025/09/25 v2.6n Tabular extension package (FMi)
\col@sep=\dimen190
\ar@mcellbox=\box57
\extrarowheight=\dimen191
\NC@list=\toks21
\extratabsurround=\skip59
\backup@length=\skip60
\ar@cellbox=\box58
)
\everycr=\toks22
\minrowclearance=\skip61
\rownum=\count309
)
(C:\Program Files\MiKTeX\tex/latex/tools\longtable.sty
Package: longtable 2025-10-13 v4.24 Multi-page Table package (DPC)
\LTleft=\skip62
\LTright=\skip63
\LTpre=\skip64
\LTpost=\skip65
\LTchunksize=\count310
\LTcapwidth=\dimen192
\LT@head=\box59
\LT@firsthead=\box60
\LT@foot=\box61
\LT@lastfoot=\box62
\LT@gbox=\box63
\LT@cols=\count311
\LT@rows=\count312
\c@LT@tables=\count313
\c@LT@chunks=\count314
\LT@p@ftn=\toks23
)
(C:\Program Files\MiKTeX\tex/latex/booktabs\booktabs.sty
Package: booktabs 2020/01/12 v1.61803398 Publication quality tables
\heavyrulewidth=\dimen193
\lightrulewidth=\dimen194
\cmidrulewidth=\dimen195
\belowrulesep=\dimen196
\belowbottomsep=\dimen197
\aboverulesep=\dimen198
\abovetopsep=\dimen199
\cmidrulesep=\dimen256
\cmidrulekern=\dimen257
\defaultaddspace=\dimen258
\@cmidla=\count315
\@cmidlb=\count316
\@aboverulesep=\dimen259
\@belowrulesep=\dimen260
\@thisruleclass=\count317
\@lastruleclass=\count318
\@thisrulewidth=\dimen261
)
(C:\Program Files\MiKTeX\tex/latex/ragged2e\ragged2e.sty
Package: ragged2e 2023/06/22 v3.6 ragged2e Package
\CenteringLeftskip=\skip66
\RaggedLeftLeftskip=\skip67
\RaggedRightLeftskip=\skip68
\CenteringRightskip=\skip69
\RaggedLeftRightskip=\skip70
\RaggedRightRightskip=\skip71
\CenteringParfillskip=\skip72
\RaggedLeftParfillskip=\skip73
\RaggedRightParfillskip=\skip74
\JustifyingParfillskip=\skip75
\CenteringParindent=\skip76
\RaggedLeftParindent=\skip77
\RaggedRightParindent=\skip78
\JustifyingParindent=\skip79
)
(C:\Program Files\MiKTeX\tex/latex/enumitem\enumitem.sty
Package: enumitem 2025/02/06 v3.11 Customized lists
\labelindent=\skip80
\enit@outerparindent=\dimen262
\enit@toks=\toks24
\enit@inbox=\box64
\enit@count@id=\count319
\enitdp@description=\count320
)
(C:\Program Files\MiKTeX\tex/latex/hyperref\hyperref.sty
Package: hyperref 2026-01-29 v7.01p Hypertext links for LaTeX

(C:\Program Files\MiKTeX\tex/latex/kvsetkeys\kvsetkeys.sty
Package: kvsetkeys 2022-10-05 v1.19 Key value parser (HO)
)
(C:\Program Files\MiKTeX\tex/generic/kvdefinekeys\kvdefinekeys.sty
Package: kvdefinekeys 2019-12-19 v1.6 Define keys (HO)
)
(C:\Program Files\MiKTeX\tex/generic/pdfescape\pdfescape.sty
Package: pdfescape 2019/12/09 v1.15 Implements pdfTeX's escape features (HO)

(C:\Program Files\MiKTeX\tex/generic/ltxcmds\ltxcmds.sty
Package: ltxcmds 2023-12-04 v1.26 LaTeX kernel commands for general use (HO)
)
(C:\Program Files\MiKTeX\tex/generic/pdftexcmds\pdftexcmds.sty
Package: pdftexcmds 2020-06-27 v0.33 Utility functions of pdfTeX for LuaTeX (HO
)

(C:\Program Files\MiKTeX\tex/generic/infwarerr\infwarerr.sty
Package: infwarerr 2019/12/03 v1.5 Providing info/warning/error messages (HO)
)
Package pdftexcmds Info: \pdf@primitive is available.
Package pdftexcmds Info: \pdf@ifprimitive is available.
Package pdftexcmds Info: \pdfdraftmode not found.
))
(C:\Program Files\MiKTeX\tex/latex/hycolor\hycolor.sty
Package: hycolor 2020-01-27 v1.10 Color options for hyperref/bookmark (HO)
)
(C:\Program Files\MiKTeX\tex/latex/hyperref\nameref.sty
Package: nameref 2026-01-29 v2.58 Cross-referencing by name of section

(C:\Program Files\MiKTeX\tex/latex/refcount\refcount.sty
Package: refcount 2019/12/15 v3.6 Data extraction from label references (HO)
)
(C:\Program Files\MiKTeX\tex/generic/gettitlestring\gettitlestring.sty
Package: gettitlestring 2019/12/15 v1.6 Cleanup title references (HO)

(C:\Program Files\MiKTeX\tex/latex/kvoptions\kvoptions.sty
Package: kvoptions 2022-06-15 v3.15 Key value format for package options (HO)
))
\c@section@level=\count321
)
(C:\Program Files\MiKTeX\tex/latex/etoolbox\etoolbox.sty
Package: etoolbox 2025/10/02 v2.5m e-TeX tools for LaTeX (JAW)
\etb@tempcnta=\count322
)
(C:\Program Files\MiKTeX\tex/generic/stringenc\stringenc.sty
Package: stringenc 2019/11/29 v1.12 Convert strings between diff. encodings (HO
)
)
\@linkdim=\dimen263
\Hy@linkcounter=\count323
\Hy@pagecounter=\count324

(C:\Program Files\MiKTeX\tex/latex/hyperref\pd1enc.def
File: pd1enc.def 2026-01-29 v7.01p Hyperref: PDFDocEncoding definition (HO)
)
(C:\Program Files\MiKTeX\tex/generic/intcalc\intcalc.sty
Package: intcalc 2019/12/15 v1.3 Expandable calculations with integers (HO)
)
\Hy@SavedSpaceFactor=\count325

(C:\Program Files\MiKTeX\tex/latex/hyperref\puenc.def
File: puenc.def 2026-01-29 v7.01p Hyperref: PDF Unicode definition (HO)
)
Package hyperref Info: Hyper figures OFF on input line 4201.
Package hyperref Info: Link nesting OFF on input line 4206.
Package hyperref Info: Hyper index ON on input line 4209.
Package hyperref Info: Plain pages OFF on input line 4216.
Package hyperref Info: Backreferencing OFF on input line 4221.
Package hyperref Info: Implicit mode ON; LaTeX internals redefined.
Package hyperref Info: Bookmarks ON on input line 4468.
\c@Hy@tempcnt=\count326

(C:\Program Files\MiKTeX\tex/latex/url\url.sty
\Urlmuskip=\muskip17
Package: url 2013/09/16  ver 3.4  Verb mode for urls, etc.
)
LaTeX Info: Redefining \url on input line 4807.
\XeTeXLinkMargin=\dimen264

(C:\Program Files\MiKTeX\tex/generic/bitset\bitset.sty
Package: bitset 2019/12/09 v1.3 Handle bit-vector datatype (HO)

(C:\Program Files\MiKTeX\tex/generic/bigintcalc\bigintcalc.sty
Package: bigintcalc 2019/12/15 v1.5 Expandable calculations on big integers (HO
)
))
\Fld@menulength=\count327
\Field@Width=\dimen265
\Fld@charsize=\dimen266
Package hyperref Info: Hyper figures OFF on input line 6084.
Package hyperref Info: Link nesting OFF on input line 6089.
Package hyperref Info: Hyper index ON on input line 6092.
Package hyperref Info: backreferencing OFF on input line 6099.
Package hyperref Info: Link coloring OFF on input line 6104.
Package hyperref Info: Link coloring with OCG OFF on input line 6109.
Package hyperref Info: PDF/A mode OFF on input line 6114.
\Hy@abspage=\count328
\c@Item=\count329
\c@Hfootnote=\count330
)
Package hyperref Info: Driver (autodetected): hxetex.

(C:\Program Files\MiKTeX\tex/latex/hyperref\hxetex.def
File: hxetex.def 2026-01-29 v7.01p Hyperref driver for XeTeX
\pdfm@box=\box65
\c@Hy@AnnotLevel=\count331
\HyField@AnnotCount=\count332
\Fld@listcount=\count333
\c@bookmark@seq@number=\count334

(C:\Program Files\MiKTeX\tex/latex/rerunfilecheck\rerunfilecheck.sty
Package: rerunfilecheck 2025-06-21 v1.11 Rerun checks for auxiliary files (HO)

(C:\Program Files\MiKTeX\tex/generic/uniquecounter\uniquecounter.sty
Package: uniquecounter 2019/12/15 v1.4 Provide unlimited unique counter (HO)
)
Package uniquecounter Info: New unique counter `rerunfilecheck' on input line 2
84.
)
\Hy@SectionHShift=\skip81
)
(C:\Program Files\MiKTeX\tex/latex/amsfonts\amssymb.sty
Package: amssymb 2013/01/14 v3.01 AMS font symbols

(C:\Program Files\MiKTeX\tex/latex/amsfonts\amsfonts.sty
Package: amsfonts 2013/01/14 v3.01 Basic AMSFonts support
\@emptytoks=\toks25
\symAMSa=\mathgroup4
\symAMSb=\mathgroup5
LaTeX Font Info:    Redeclaring math symbol \hbar on input line 98.
LaTeX Font Info:    Overwriting math alphabet `\mathfrak' in version `bold'
(Font)                  U/euf/m/n --> U/euf/b/n on input line 106.
))
(C:\Program Files\MiKTeX\tex/latex/fancyhdr\fancyhdr.sty
Package: fancyhdr 2025/02/07 v5.2 Extensive control of page headers and footers

\f@nch@headwidth=\skip82
\f@nch@offset@elh=\skip83
\f@nch@offset@erh=\skip84
\f@nch@offset@olh=\skip85
\f@nch@offset@orh=\skip86
\f@nch@offset@elf=\skip87
\f@nch@offset@erf=\skip88
\f@nch@offset@olf=\skip89
\f@nch@offset@orf=\skip90
\f@nch@height=\skip91
\f@nch@footalignment=\skip92
\f@nch@widthL=\skip93
\f@nch@widthC=\skip94
\f@nch@widthR=\skip95
\@temptokenb=\toks26
)
(C:\Program Files\MiKTeX\tex/latex/titlesec\titlesec.sty
Package: titlesec 2025/01/04 v2.17 Sectioning titles
\ttl@box=\box66
\beforetitleunit=\skip96
\aftertitleunit=\skip97
\ttl@plus=\dimen267
\ttl@minus=\dimen268
\ttl@toksa=\toks27
\titlewidth=\dimen269
\titlewidthlast=\dimen270
\titlewidthfirst=\dimen271
)
(C:\Program Files\MiKTeX\tex/latex/setspace\setspace.sty
Package: setspace 2022/12/04 v6.7b set line spacing
)

Package fontspec Info: 
(fontspec)             Font family 'malgun.ttf(0)' created for font
(fontspec)             'malgun.ttf' with options
(fontspec)             [Ligatures=TeX,Path=C:/Windows/Fonts/,BoldFont=malgunbd.
ttf,ItalicFont=malgunsl.ttf].
(fontspec)              
(fontspec)              This font family consists of the following NFSS
(fontspec)             series/shapes:
(fontspec)              
(fontspec)             - 'normal' (m/n) with NFSS spec.:
(fontspec)             <->"[C:/Windows/Fonts/malgun.ttf]/OT:script=latn;languag
e=dflt;mapping=tex-text;"
(fontspec)             - 'bold' (b/n) with NFSS spec.:
(fontspec)             <->"[C:/Windows/Fonts/malgunbd.ttf]/OT:script=latn;langu
age=dflt;mapping=tex-text;"
(fontspec)             - 'italic' (m/it) with NFSS spec.:
(fontspec)             <->"[C:/Windows/Fonts/malgunsl.ttf]/OT:script=latn;langu
age=dflt;mapping=tex-text;"


Package fontspec Info: 
(fontspec)             Font family 'Consolas(0)' created for font 'Consolas'
(fontspec)             with options
(fontspec)             [WordSpace={1,0,0},HyphenChar=None,PunctuationSpace=Word
Space].
(fontspec)              
(fontspec)              This font family consists of the following NFSS
(fontspec)             series/shapes:
(fontspec)              
(fontspec)             - 'normal' (m/n) with NFSS spec.:
(fontspec)             <->"Consolas/OT:script=latn;language=dflt;"
(fontspec)             - 'bold' (b/n) with NFSS spec.:
(fontspec)             <->"Consolas/B/OT:script=latn;language=dflt;"
(fontspec)             - 'italic' (m/it) with NFSS spec.:
(fontspec)             <->"Consolas/I/OT:script=latn;language=dflt;"
(fontspec)             - 'bold italic' (b/it) with NFSS spec.:
(fontspec)             <->"Consolas/BI/OT:script=latn;language=dflt;"


Package fontspec Info: 
(fontspec)             Script 'CJK' not explicitly supported within font
(fontspec)             'malgun'. Check the typeset output, and if it is okay
(fontspec)             then ignore this warning. Otherwise a different font
(fontspec)             should be chosen.


Package fontspec Info: 
(fontspec)             Font family 'malgun.ttf(1)' created for font
(fontspec)             'malgun.ttf' with options
(fontspec)             [Script={CJK},Path={C:/Windows/Fonts/},BoldFont={malgunb
d.ttf},ItalicFont={malgunsl.ttf}].
(fontspec)              
(fontspec)              This font family consists of the following NFSS
(fontspec)             series/shapes:
(fontspec)              
(fontspec)             - 'normal' (m/n) with NFSS spec.:
(fontspec)             <->"[C:/Windows/Fonts/malgun.ttf]/OT:script=hani;languag
e=dflt;"
(fontspec)             - 'bold' (b/n) with NFSS spec.:
(fontspec)             <->"[C:/Windows/Fonts/malgunbd.ttf]/OT:script=hani;langu
age=dflt;"
(fontspec)             - 'italic' (m/it) with NFSS spec.:
(fontspec)             <->"[C:/Windows/Fonts/malgunsl.ttf]/OT:script=hani;langu
age=dflt;"

Package hyperref Info: Option `colorlinks' set `true' on input line 33.

(D:\bootcamp\workspace\project\03_final\00_oh_my_documents\pdf\requirements_def
inition.aux)
\openout1 = `requirements_definition.aux'.

LaTeX Font Info:    Checking defaults for OML/cmm/m/it on input line 53.
LaTeX Font Info:    ... okay on input line 53.
LaTeX Font Info:    Checking defaults for OMS/cmsy/m/n on input line 53.
LaTeX Font Info:    ... okay on input line 53.
LaTeX Font Info:    Checking defaults for OT1/cmr/m/n on input line 53.
LaTeX Font Info:    ... okay on input line 53.
LaTeX Font Info:    Checking defaults for T1/cmr/m/n on input line 53.
LaTeX Font Info:    ... okay on input line 53.
LaTeX Font Info:    Checking defaults for TS1/cmr/m/n on input line 53.
LaTeX Font Info:    ... okay on input line 53.
LaTeX Font Info:    Checking defaults for TU/lmr/m/n on input line 53.
LaTeX Font Info:    ... okay on input line 53.
LaTeX Font Info:    Checking defaults for OMX/cmex/m/n on input line 53.
LaTeX Font Info:    ... okay on input line 53.
LaTeX Font Info:    Checking defaults for U/cmr/m/n on input line 53.
LaTeX Font Info:    ... okay on input line 53.
LaTeX Font Info:    Checking defaults for PD1/pdf/m/n on input line 53.
LaTeX Font Info:    ... okay on input line 53.
LaTeX Font Info:    Checking defaults for PU/pdf/m/n on input line 53.
LaTeX Font Info:    ... okay on input line 53.

*geometry* driver: auto-detecting
*geometry* detected driver: xetex
*geometry* verbose mode - [ preamble ] result:
* driver: xetex
* paper: a4paper
* layout: <same size as paper>
* layoutoffset:(h,v)=(0.0pt,0.0pt)
* modes: 
* h-part:(L,W,R)=(62.59605pt, 472.31577pt, 62.59605pt)
* v-part:(T,H,B)=(62.59605pt, 719.85474pt, 62.59605pt)
* \paperwidth=597.50787pt
* \paperheight=845.04684pt
* \textwidth=472.31577pt
* \textheight=719.85474pt
* \oddsidemargin=-9.67393pt
* \evensidemargin=-9.67393pt
* \topmargin=-46.67393pt
* \headheight=30.0pt
* \headsep=25.0pt
* \topskip=12.0pt
* \footskip=30.0pt
* \marginparwidth=35.0pt
* \marginparsep=10.0pt
* \columnsep=10.0pt
* \skip\footins=10.8pt plus 4.0pt minus 2.0pt
* \hoffset=0.0pt
* \voffset=0.0pt
* \mag=1000
* \@twocolumnfalse
* \@twosidefalse
* \@mparswitchfalse
* \@reversemarginfalse
* (1in=72.27pt=25.4mm, 1cm=28.453pt)


Package fontspec Info: 
(fontspec)             Adjusting the maths setup (use [no-math] to avoid
(fontspec)             this).

\symlegacymaths=\mathgroup6
LaTeX Font Info:    Overwriting symbol font `legacymaths' in version `bold'
(Font)                  OT1/cmr/m/n --> OT1/cmr/bx/n on input line 53.
LaTeX Font Info:    Redeclaring math accent \acute on input line 53.
LaTeX Font Info:    Redeclaring math accent \grave on input line 53.
LaTeX Font Info:    Redeclaring math accent \ddot on input line 53.
LaTeX Font Info:    Redeclaring math accent \tilde on input line 53.
LaTeX Font Info:    Redeclaring math accent \bar on input line 53.
LaTeX Font Info:    Redeclaring math accent \breve on input line 53.
LaTeX Font Info:    Redeclaring math accent \check on input line 53.
LaTeX Font Info:    Redeclaring math accent \hat on input line 53.
LaTeX Font Info:    Redeclaring math accent \dot on input line 53.
LaTeX Font Info:    Redeclaring math accent \mathring on input line 53.
LaTeX Font Info:    Redeclaring math symbol \colon on input line 53.
LaTeX Font Info:    Redeclaring math symbol \Gamma on input line 53.
LaTeX Font Info:    Redeclaring math symbol \Delta on input line 53.
LaTeX Font Info:    Redeclaring math symbol \Theta on input line 53.
LaTeX Font Info:    Redeclaring math symbol \Lambda on input line 53.
LaTeX Font Info:    Redeclaring math symbol \Xi on input line 53.
LaTeX Font Info:    Redeclaring math symbol \Pi on input line 53.
LaTeX Font Info:    Redeclaring math symbol \Sigma on input line 53.
LaTeX Font Info:    Redeclaring math symbol \Upsilon on input line 53.
LaTeX Font Info:    Redeclaring math symbol \Phi on input line 53.
LaTeX Font Info:    Redeclaring math symbol \Psi on input line 53.
LaTeX Font Info:    Redeclaring math symbol \Omega on input line 53.
LaTeX Font Info:    Redeclaring math symbol \mathdollar on input line 53.
LaTeX Font Info:    Redeclaring symbol font `operators' on input line 53.
LaTeX Font Info:    Encoding `OT1' has changed to `TU' for symbol font
(Font)              `operators' in the math version `normal' on input line 53.
LaTeX Font Info:    Overwriting symbol font `operators' in version `normal'
(Font)                  OT1/cmr/m/n --> TU/malgun.ttf(0)/m/n on input line 53.
LaTeX Font Info:    Encoding `OT1' has changed to `TU' for symbol font
(Font)              `operators' in the math version `bold' on input line 53.
LaTeX Font Info:    Overwriting symbol font `operators' in version `bold'
(Font)                  OT1/cmr/bx/n --> TU/malgun.ttf(0)/m/n on input line 53.

LaTeX Font Info:    Overwriting symbol font `operators' in version `normal'
(Font)                  TU/malgun.ttf(0)/m/n --> TU/malgun.ttf(0)/m/n on input 
line 53.
LaTeX Font Info:    Overwriting math alphabet `\mathit' in version `normal'
(Font)                  OT1/cmr/m/it --> TU/malgun.ttf(0)/m/it on input line 53
.
LaTeX Font Info:    Overwriting math alphabet `\mathbf' in version `normal'
(Font)                  OT1/cmr/bx/n --> TU/malgun.ttf(0)/b/n on input line 53.

LaTeX Font Info:    Overwriting math alphabet `\mathsf' in version `normal'
(Font)                  OT1/cmss/m/n --> TU/malgun.ttf(0)/m/n on input line 53.

LaTeX Font Info:    Overwriting math alphabet `\mathtt' in version `normal'
(Font)                  OT1/cmtt/m/n --> TU/Consolas(0)/m/n on input line 53.
LaTeX Font Info:    Overwriting symbol font `operators' in version `bold'
(Font)                  TU/malgun.ttf(0)/m/n --> TU/malgun.ttf(0)/b/n on input 
line 53.
LaTeX Font Info:    Overwriting math alphabet `\mathit' in version `bold'
(Font)                  OT1/cmr/bx/it --> TU/malgun.ttf(0)/b/it on input line 5
3.
LaTeX Font Info:    Overwriting math alphabet `\mathsf' in version `bold'
(Font)                  OT1/cmss/bx/n --> TU/malgun.ttf(0)/b/n on input line 53
.
LaTeX Font Info:    Overwriting math alphabet `\mathtt' in version `bold'
(Font)                  OT1/cmtt/m/n --> TU/Consolas(0)/b/n on input line 53.

Package fontspec Info: 
(fontspec)             Script 'CJK' not explicitly supported within font
(fontspec)             'malgun'. Check the typeset output, and if it is okay
(fontspec)             then ignore this warning. Otherwise a different font
(fontspec)             should be chosen.


Package fontspec Info: 
(fontspec)             Script 'CJK' not explicitly supported within font
(fontspec)             'malgun'. Check the typeset output, and if it is okay
(fontspec)             then ignore this warning. Otherwise a different font
(fontspec)             should be chosen.


Package fontspec Info: 
(fontspec)             Font family 'malgun.ttf(2)' created for font
(fontspec)             'malgun.ttf' with options
(fontspec)             [Script={CJK},Path={C:/Windows/Fonts/}].
(fontspec)              
(fontspec)              This font family consists of the following NFSS
(fontspec)             series/shapes:
(fontspec)              
(fontspec)             - 'normal' (m/n) with NFSS spec.:
(fontspec)             <->"[C:/Windows/Fonts/malgun.ttf]/OT:script=hani;languag
e=dflt;"


Package fontspec Info: 
(fontspec)             Font family 'UnDotum.ttf(0)' created for font
(fontspec)             'UnDotum.ttf' with options
(fontspec)             [BoldFont={UnDotumBold.ttf}].
(fontspec)              
(fontspec)              This font family consists of the following NFSS
(fontspec)             series/shapes:
(fontspec)              
(fontspec)             - 'normal' (m/n) with NFSS spec.:
(fontspec)             <->"[UnDotum.ttf]/OT:language=dflt;"
(fontspec)             - 'bold' (b/n) with NFSS spec.:
(fontspec)             <->"[UnDotumBold.ttf]/OT:language=dflt;"

Package hyperref Info: Link coloring ON on input line 53.

(D:\bootcamp\workspace\project\03_final\00_oh_my_documents\pdf\requirements_def
inition.out)
(D:\bootcamp\workspace\project\03_final\00_oh_my_documents\pdf\requirements_def
inition.out)
\@outlinefile=\write3
\openout3 = `requirements_definition.out'.

File: ../assets/images/SK-Networks-logo.png Graphic file (type bmp)
<../assets/images/SK-Networks-logo.png>
File: ../assets/images/en-core-logo.png Graphic file (type bmp)
<../assets/images/en-core-logo.png>
File: ../assets/images/playdata-logo.png Graphic file (type bmp)
<../assets/images/playdata-logo.png>
 [1

]
(D:\bootcamp\workspace\project\03_final\00_oh_my_documents\pdf\requirements_def
inition.toc
LaTeX Font Info:    Calculating math sizes for size <11.7> on input line 2.
LaTeX Font Info:    Trying to load font information for U+msa on input line 2.
 (C:\Program Files\MiKTeX\tex/latex/amsfonts\umsa.fd
File: umsa.fd 2013/01/14 v3.01 AMS symbols A
)
LaTeX Font Info:    Trying to load font information for U+msb on input line 2.

(C:\Program Files\MiKTeX\tex/latex/amsfonts\umsb.fd
File: umsb.fd 2013/01/14 v3.01 AMS symbols B
)
File: ../assets/images/SK-Networks-logo.png Graphic file (type bmp)
<../assets/images/SK-Networks-logo.png>
File: ../assets/images/en-core-logo.png Graphic file (type bmp)
<../assets/images/en-core-logo.png>
File: ../assets/images/playdata-logo.png Graphic file (type bmp)
<../assets/images/playdata-logo.png>
 [1])
\tf@toc=\write4
\openout4 = `requirements_definition.toc'.

File: ../assets/images/SK-Networks-logo.png Graphic file (type bmp)
<../assets/images/SK-Networks-logo.png>
File: ../assets/images/en-core-logo.png Graphic file (type bmp)
<../assets/images/en-core-logo.png>
File: ../assets/images/playdata-logo.png Graphic file (type bmp)
<../assets/images/playdata-logo.png>
 [2

]

Package hyperref Warning: The anchor of a bookmark and its parent's must not
(hyperref)                be the same. Added a new anchor on input line 87.

File: ../assets/images/SK-Networks-logo.png Graphic file (type bmp)
<../assets/images/SK-Networks-logo.png>
File: ../assets/images/en-core-logo.png Graphic file (type bmp)
<../assets/images/en-core-logo.png>
File: ../assets/images/playdata-logo.png Graphic file (type bmp)
<../assets/images/playdata-logo.png>
[3]
Underfull \hbox (badness 10000) in alignment at lines 130--134
[] []
 []


Underfull \hbox (badness 10000) in alignment at lines 134--149
[] []
 []

File: ../assets/images/SK-Networks-logo.png Graphic file (type bmp)
<../assets/images/SK-Networks-logo.png>
File: ../assets/images/en-core-logo.png Graphic file (type bmp)
<../assets/images/en-core-logo.png>
File: ../assets/images/playdata-logo.png Graphic file (type bmp)
<../assets/images/playdata-logo.png>
[4]

Package hyperref Warning: The anchor of a bookmark and its parent's must not
(hyperref)                be the same. Added a new anchor on input line 214.


Underfull \hbox (badness 10000) in alignment at lines 223--227
[] [] [] [] []
 []


Underfull \hbox (badness 10000) in alignment at lines 227--234
[] [] [] [] []
 []

File: ../assets/images/SK-Networks-logo.png Graphic file (type bmp)
<../assets/images/SK-Networks-logo.png>
File: ../assets/images/en-core-logo.png Graphic file (type bmp)
<../assets/images/en-core-logo.png>
File: ../assets/images/playdata-logo.png Graphic file (type bmp)
<../assets/images/playdata-logo.png>
[5]
Underfull \hbox (badness 10000) in alignment at lines 245--249
[] [] [] [] [] []
 []


Underfull \hbox (badness 10000) in alignment at lines 249--261
[] [] [] [] [] []
 []


Underfull \hbox (badness 10000) in alignment at lines 272--276
[] [] []
 []


Underfull \hbox (badness 10000) in alignment at lines 276--282
[] [] []
 []

File: ../assets/images/SK-Networks-logo.png Graphic file (type bmp)
<../assets/images/SK-Networks-logo.png>
File: ../assets/images/en-core-logo.png Graphic file (type bmp)
<../assets/images/en-core-logo.png>
File: ../assets/images/playdata-logo.png Graphic file (type bmp)
<../assets/images/playdata-logo.png>
[6]
Underfull \hbox (badness 10000) in alignment at lines 320--324
[] []
 []


Underfull \hbox (badness 10000) in alignment at lines 324--331
[] []
 []

File: ../assets/images/SK-Networks-logo.png Graphic file (type bmp)
<../assets/images/SK-Networks-logo.png>
File: ../assets/images/en-core-logo.png Graphic file (type bmp)
<../assets/images/en-core-logo.png>
File: ../assets/images/playdata-logo.png Graphic file (type bmp)
<../assets/images/playdata-logo.png>
[7]

Package hyperref Warning: The anchor of a bookmark and its parent's must not
(hyperref)                be the same. Added a new anchor on input line 344.


Underfull \hbox (badness 10000) in alignment at lines 381--385
[] []
 []


Underfull \hbox (badness 10000) in alignment at lines 385--396
[] []
 []

File: ../assets/images/SK-Networks-logo.png Graphic file (type bmp)
<../assets/images/SK-Networks-logo.png>
File: ../assets/images/en-core-logo.png Graphic file (type bmp)
<../assets/images/en-core-logo.png>
File: ../assets/images/playdata-logo.png Graphic file (type bmp)
<../assets/images/playdata-logo.png>
[8]
Underfull \hbox (badness 10000) in alignment at lines 407--411
[] []
 []


Underfull \hbox (badness 10000) in alignment at lines 411--416
[] []
 []


Underfull \hbox (badness 10000) in alignment at lines 427--431
[] [] []
 []


Underfull \hbox (badness 10000) in alignment at lines 431--439
[] [] []
 []

File: ../assets/images/SK-Networks-logo.png Graphic file (type bmp)
<../assets/images/SK-Networks-logo.png>
File: ../assets/images/en-core-logo.png Graphic file (type bmp)
<../assets/images/en-core-logo.png>
File: ../assets/images/playdata-logo.png Graphic file (type bmp)
<../assets/images/playdata-logo.png>
[9]

Package hyperref Warning: The anchor of a bookmark and its parent's must not
(hyperref)                be the same. Added a new anchor on input line 466.


Underfull \hbox (badness 10000) in alignment at lines 471--475
[] [] [] []
 []


Underfull \hbox (badness 10000) in alignment at lines 475--481
[] [] [] []
 []


Underfull \hbox (badness 10000) in alignment at lines 492--496
[] [] [] []
 []


Underfull \hbox (badness 10000) in alignment at lines 496--514
[] [] [] []
 []


ignored: Infinite glue shrinkage found in box being split
File: ../assets/images/SK-Networks-logo.png Graphic file (type bmp)
<../assets/images/SK-Networks-logo.png>
File: ../assets/images/en-core-logo.png Graphic file (type bmp)
<../assets/images/en-core-logo.png>
File: ../assets/images/playdata-logo.png Graphic file (type bmp)
<../assets/images/playdata-logo.png>
[10]
File: ../assets/images/SK-Networks-logo.png Graphic file (type bmp)
<../assets/images/SK-Networks-logo.png>
File: ../assets/images/en-core-logo.png Graphic file (type bmp)
<../assets/images/en-core-logo.png>
File: ../assets/images/playdata-logo.png Graphic file (type bmp)
<../assets/images/playdata-logo.png>
 [11]
Underfull \hbox (badness 10000) in alignment at lines 525--529
[] [] [] []
 []


Underfull \hbox (badness 10000) in alignment at lines 529--538
[] [] [] []
 []


Underfull \hbox (badness 10000) in alignment at lines 549--553
[] [] [] []
 []


Underfull \hbox (badness 10000) in alignment at lines 553--560
[] [] [] []
 []


ignored: Infinite glue shrinkage found in box being split
File: ../assets/images/SK-Networks-logo.png Graphic file (type bmp)
<../assets/images/SK-Networks-logo.png>
File: ../assets/images/en-core-logo.png Graphic file (type bmp)
<../assets/images/en-core-logo.png>
File: ../assets/images/playdata-logo.png Graphic file (type bmp)
<../assets/images/playdata-logo.png>
[12]
Underfull \hbox (badness 10000) in alignment at lines 571--575
[] [] [] []
 []


Underfull \hbox (badness 10000) in alignment at lines 575--587
[] [] [] []
 []


ignored: Infinite glue shrinkage found in box being split
File: ../assets/images/SK-Networks-logo.png Graphic file (type bmp)
<../assets/images/SK-Networks-logo.png>
File: ../assets/images/en-core-logo.png Graphic file (type bmp)
<../assets/images/en-core-logo.png>
File: ../assets/images/playdata-logo.png Graphic file (type bmp)
<../assets/images/playdata-logo.png>
[13]
Underfull \hbox (badness 10000) in alignment at lines 624--628
[] [] [] [] []
 []


Underfull \hbox (badness 10000) in alignment at lines 628--635
[] [] [] [] []
 []

File: ../assets/images/SK-Networks-logo.png Graphic file (type bmp)
<../assets/images/SK-Networks-logo.png>
File: ../assets/images/en-core-logo.png Graphic file (type bmp)
<../assets/images/en-core-logo.png>
File: ../assets/images/playdata-logo.png Graphic file (type bmp)
<../assets/images/playdata-logo.png>
[14]
Underfull \hbox (badness 10000) in alignment at lines 645--649
[] [] [] []
 []


Underfull \hbox (badness 10000) in alignment at lines 649--677
[] [] [] []
 []


ignored: Infinite glue shrinkage found in box being split
File: ../assets/images/SK-Networks-logo.png Graphic file (type bmp)
<../assets/images/SK-Networks-logo.png>
File: ../assets/images/en-core-logo.png Graphic file (type bmp)
<../assets/images/en-core-logo.png>
File: ../assets/images/playdata-logo.png Graphic file (type bmp)
<../assets/images/playdata-logo.png>
[15]
ignored: Infinite glue shrinkage found in box being split
File: ../assets/images/SK-Networks-logo.png Graphic file (type bmp)
<../assets/images/SK-Networks-logo.png>
File: ../assets/images/en-core-logo.png Graphic file (type bmp)
<../assets/images/en-core-logo.png>
File: ../assets/images/playdata-logo.png Graphic file (type bmp)
<../assets/images/playdata-logo.png>
 [16]
Underfull \hbox (badness 10000) in alignment at lines 688--692
[] [] [] []
 []


Underfull \hbox (badness 10000) in alignment at lines 692--702
[] [] [] []
 []


ignored: Infinite glue shrinkage found in box being split
File: ../assets/images/SK-Networks-logo.png Graphic file (type bmp)
<../assets/images/SK-Networks-logo.png>
File: ../assets/images/en-core-logo.png Graphic file (type bmp)
<../assets/images/en-core-logo.png>
File: ../assets/images/playdata-logo.png Graphic file (type bmp)
<../assets/images/playdata-logo.png>
[17]
Underfull \hbox (badness 10000) in alignment at lines 717--721
[] [] [] []
 []


Underfull \hbox (badness 1715) in paragraph at lines 727--727
[]|\TU/malgun.ttf(0)/m/n/10.95 6. 
 []


Underfull \hbox (badness 10000) in alignment at lines 721--730
[] [] [] []
 []

File: ../assets/images/SK-Networks-logo.png Graphic file (type bmp)
<../assets/images/SK-Networks-logo.png>
File: ../assets/images/en-core-logo.png Graphic file (type bmp)
<../assets/images/en-core-logo.png>
File: ../assets/images/playdata-logo.png Graphic file (type bmp)
<../assets/images/playdata-logo.png>
[18]

Package hyperref Warning: The anchor of a bookmark and its parent's must not
(hyperref)                be the same. Added a new anchor on input line 830.


Underfull \hbox (badness 10000) in alignment at lines 835--839
[] []
 []


Underfull \hbox (badness 10000) in alignment at lines 839--848
[] []
 []

File: ../assets/images/SK-Networks-logo.png Graphic file (type bmp)
<../assets/images/SK-Networks-logo.png>
File: ../assets/images/en-core-logo.png Graphic file (type bmp)
<../assets/images/en-core-logo.png>
File: ../assets/images/playdata-logo.png Graphic file (type bmp)
<../assets/images/playdata-logo.png>
[19]
Underfull \hbox (badness 10000) in alignment at lines 859--863
[] []
 []


Underfull \hbox (badness 10000) in alignment at lines 863--872
[] []
 []


Underfull \hbox (badness 10000) in alignment at lines 895--899
[] []
 []


Underfull \hbox (badness 10000) in alignment at lines 899--909
[] []
 []

File: ../assets/images/SK-Networks-logo.png Graphic file (type bmp)
<../assets/images/SK-Networks-logo.png>
File: ../assets/images/en-core-logo.png Graphic file (type bmp)
<../assets/images/en-core-logo.png>
File: ../assets/images/playdata-logo.png Graphic file (type bmp)
<../assets/images/playdata-logo.png>
[20]
Underfull \hbox (badness 10000) in alignment at lines 920--924
[] []
 []


Underfull \hbox (badness 10000) in alignment at lines 924--933
[] []
 []


Underfull \hbox (badness 10000) in alignment at lines 944--948
[] [] [] [] []
 []


Underfull \hbox (badness 10000) in alignment at lines 948--954
[] [] [] [] []
 []

File: ../assets/images/SK-Networks-logo.png Graphic file (type bmp)
<../assets/images/SK-Networks-logo.png>
File: ../assets/images/en-core-logo.png Graphic file (type bmp)
<../assets/images/en-core-logo.png>
File: ../assets/images/playdata-logo.png Graphic file (type bmp)
<../assets/images/playdata-logo.png>
[21]

Package hyperref Warning: The anchor of a bookmark and its parent's must not
(hyperref)                be the same. Added a new anchor on input line 967.


Underfull \hbox (badness 10000) in alignment at lines 972--976
[] [] []
 []


Underfull \hbox (badness 10000) in alignment at lines 976--985
[] [] []
 []


Underfull \hbox (badness 10000) in alignment at lines 996--1000
[] [] []
 []


Underfull \hbox (badness 10000) in alignment at lines 1000--1006
[] [] []
 []

File: ../assets/images/SK-Networks-logo.png Graphic file (type bmp)
<../assets/images/SK-Networks-logo.png>
File: ../assets/images/en-core-logo.png Graphic file (type bmp)
<../assets/images/en-core-logo.png>
File: ../assets/images/playdata-logo.png Graphic file (type bmp)
<../assets/images/playdata-logo.png>
[22]
Underfull \hbox (badness 10000) in alignment at lines 1017--1021
[] [] []
 []


Underfull \hbox (badness 10000) in alignment at lines 1021--1027
[] [] []
 []

File: ../assets/images/SK-Networks-logo.png Graphic file (type bmp)
<../assets/images/SK-Networks-logo.png>
File: ../assets/images/en-core-logo.png Graphic file (type bmp)
<../assets/images/en-core-logo.png>
File: ../assets/images/playdata-logo.png Graphic file (type bmp)
<../assets/images/playdata-logo.png>
[23]

Package hyperref Warning: The anchor of a bookmark and its parent's must not
(hyperref)                be the same. Added a new anchor on input line 1040.


Underfull \hbox (badness 10000) in alignment at lines 1049--1053
[] []
 []


Underfull \hbox (badness 10000) in alignment at lines 1053--1075
[] []
 []


ignored: Infinite glue shrinkage found in box being split
File: ../assets/images/SK-Networks-logo.png Graphic file (type bmp)
<../assets/images/SK-Networks-logo.png>
File: ../assets/images/en-core-logo.png Graphic file (type bmp)
<../assets/images/en-core-logo.png>
File: ../assets/images/playdata-logo.png Graphic file (type bmp)
<../assets/images/playdata-logo.png>
[24]
Underfull \hbox (badness 10000) in alignment at lines 1086--1090
[] []
 []


Underfull \hbox (badness 10000) in alignment at lines 1090--1099
[] []
 []

File: ../assets/images/SK-Networks-logo.png Graphic file (type bmp)
<../assets/images/SK-Networks-logo.png>
File: ../assets/images/en-core-logo.png Graphic file (type bmp)
<../assets/images/en-core-logo.png>
File: ../assets/images/playdata-logo.png Graphic file (type bmp)
<../assets/images/playdata-logo.png>
[25]

Package hyperref Warning: The anchor of a bookmark and its parent's must not
(hyperref)                be the same. Added a new anchor on input line 1124.

File: ../assets/images/SK-Networks-logo.png Graphic file (type bmp)
<../assets/images/SK-Networks-logo.png>
File: ../assets/images/en-core-logo.png Graphic file (type bmp)
<../assets/images/en-core-logo.png>
File: ../assets/images/playdata-logo.png Graphic file (type bmp)
<../assets/images/playdata-logo.png>
[26]

Package hyperref Warning: The anchor of a bookmark and its parent's must not
(hyperref)                be the same. Added a new anchor on input line 1216.


Underfull \hbox (badness 10000) in alignment at lines 1221--1225
[] [] []
 []


Underfull \hbox (badness 10000) in alignment at lines 1225--1231
[] [] []
 []


Underfull \hbox (badness 10000) in alignment at lines 1242--1246
[] [] [] [] []
 []


Underfull \hbox (badness 10000) in alignment at lines 1246--1260
[] [] [] [] []
 []


ignored: Infinite glue shrinkage found in box being split
File: ../assets/images/SK-Networks-logo.png Graphic file (type bmp)
<../assets/images/SK-Networks-logo.png>
File: ../assets/images/en-core-logo.png Graphic file (type bmp)
<../assets/images/en-core-logo.png>
File: ../assets/images/playdata-logo.png Graphic file (type bmp)
<../assets/images/playdata-logo.png>
[27]
Underfull \hbox (badness 10000) in alignment at lines 1271--1275
[] [] []
 []


Underfull \hbox (badness 10000) in alignment at lines 1275--1285
[] [] []
 []

File: ../assets/images/SK-Networks-logo.png Graphic file (type bmp)
<../assets/images/SK-Networks-logo.png>
File: ../assets/images/en-core-logo.png Graphic file (type bmp)
<../assets/images/en-core-logo.png>
File: ../assets/images/playdata-logo.png Graphic file (type bmp)
<../assets/images/playdata-logo.png>
[28]
Underfull \hbox (badness 10000) in alignment at lines 1332--1336
[] [] [] [] []
 []


Underfull \hbox (badness 10000) in alignment at lines 1336--1340
[] [] [] [] []
 []


Underfull \hbox (badness 10000) in alignment at lines 1351--1355
[] [] [] [] []
 []


Underfull \hbox (badness 1622) in paragraph at lines 1356--1356
\TU/malgun.ttf(0)/m/n/10.95 ~ 
 []


Underfull \hbox (badness 1622) in paragraph at lines 1357--1357
\TU/malgun.ttf(0)/m/n/10.95 ~ 
 []


Underfull \hbox (badness 1622) in paragraph at lines 1359--1359
\TU/malgun.ttf(0)/m/n/10.95 ~ 
 []


Underfull \hbox (badness 1622) in paragraph at lines 1360--1360
\TU/malgun.ttf(0)/m/n/10.95 ~ 
 []


Underfull \hbox (badness 1622) in paragraph at lines 1361--1361
\TU/malgun.ttf(0)/m/n/10.95 ~ 
 []


Underfull \hbox (badness 1622) in paragraph at lines 1362--1362
\TU/malgun.ttf(0)/m/n/10.95 ~ 
 []


Underfull \hbox (badness 10000) in alignment at lines 1355--1364
[] [] [] [] []
 []

File: ../assets/images/SK-Networks-logo.png Graphic file (type bmp)
<../assets/images/SK-Networks-logo.png>
File: ../assets/images/en-core-logo.png Graphic file (type bmp)
<../assets/images/en-core-logo.png>
File: ../assets/images/playdata-logo.png Graphic file (type bmp)
<../assets/images/playdata-logo.png>
[29]
File: ../assets/images/SK-Networks-logo.png Graphic file (type bmp)
<../assets/images/SK-Networks-logo.png>
File: ../assets/images/en-core-logo.png Graphic file (type bmp)
<../assets/images/en-core-logo.png>
File: ../assets/images/playdata-logo.png Graphic file (type bmp)
<../assets/images/playdata-logo.png>
 [30]
Underfull \hbox (badness 10000) in alignment at lines 1391--1395
[] [] [] []
 []


Underfull \hbox (badness 10000) in alignment at lines 1395--1404
[] [] [] []
 []

File: ../assets/images/SK-Networks-logo.png Graphic file (type bmp)
<../assets/images/SK-Networks-logo.png>
File: ../assets/images/en-core-logo.png Graphic file (type bmp)
<../assets/images/en-core-logo.png>
File: ../assets/images/playdata-logo.png Graphic file (type bmp)
<../assets/images/playdata-logo.png>
[31]
(D:\bootcamp\workspace\project\03_final\00_oh_my_documents\pdf\requirements_def
inition.aux)
 ***********
LaTeX2e <2025-11-01>
L3 programming layer <2022/08/05>
 ***********
Package rerunfilecheck Info: File `requirements_definition.out' has not changed
.
(rerunfilecheck)             Checksum: 37CA458305043FB0D704F834ABF0E084;6503.
 ) 
Here is how much of TeX's memory you used:
 18284 strings out of 402983
 331693 string characters out of 5452829
 856105 words of memory out of 5000000
 46782 multiletter control sequences out of 15000+600000
 637108 words of font info for 122 fonts, out of 8000000 for 9000
 1348 hyphenation exceptions out of 8191
 73i,14n,93p,588b,2825s stack positions out of 10000i,1000n,20000p,200000b,200000s

Output written on D:\bootcamp\workspace\project\03_final\00_oh_my_documents\pdf
\requirements_definition.pdf (32 pages).
