\BOOKMARK [1][-]{Doc-Start}{\376\377\0001\000.\000\040\273\070\301\034\000\040\254\034\306\224}{}% 1
\BOOKMARK [2][-]{section*.1}{\376\377\0001\000.\0001\000\040\272\251\310\001}{Doc-Start}% 2
\BOOKMARK [2][-]{section*.1}{\376\377\0001\000.\0002\000\040\274\224\307\004}{Doc-Start}% 3
\BOOKMARK [2][-]{section*.1}{\376\377\0001\000.\0003\000\040\306\251\305\264\000\040\310\025\307\130}{Doc-Start}% 4
\BOOKMARK [1][-]{table.1}{\376\377\0002\000.\000\040\307\164\325\164\255\000\254\304\307\220}{}% 5
\BOOKMARK [2][-]{section*.2}{\376\377\0002\000.\0001\000\040\305\355\325\140\000\040\272\250\263\170}{table.1}% 6
\BOOKMARK [2][-]{table.2}{\376\377\0002\000.\0002\000\040\255\214\325\134\000\040\271\344\322\270\271\255\302\244}{table.1}% 7
\BOOKMARK [2][-]{table.3}{\376\377\0002\000.\0003\000\040\263\160\307\164\321\060\000\040\310\021\255\374\000\040\274\224\307\004}{table.1}% 8
\BOOKMARK [2][-]{table.4}{\376\377\0002\000.\0004\000\040\255\214\325\134\000\040\306\320\316\131}{table.1}% 9
\BOOKMARK [2][-]{table.4}{\376\377\0002\000.\0005\000\040\326\304\301\215\000\040\273\070\301\034\000\040\274\030\306\001}{table.1}% 10
\BOOKMARK [1][-]{table.5}{\376\377\0003\000.\000\040\301\034\276\104\302\244\000\040\254\034\306\224}{}% 11
\BOOKMARK [2][-]{section*.3}{\376\377\0003\000.\0001\000\040\301\034\276\104\302\244\000\040\301\214\254\034}{table.5}% 12
\BOOKMARK [2][-]{section*.3}{\376\377\0003\000.\0002\000\040\325\165\302\354\000\040\254\000\316\130\000\040\310\034\305\110}{table.5}% 13
\BOOKMARK [2][-]{table.6}{\376\377\0003\000.\0003\000\040\320\300\254\237\000\040\300\254\306\251\307\220}{table.5}% 14
\BOOKMARK [2][-]{table.7}{\376\377\0003\000.\0004\000\040\301\034\276\104\302\244\000\040\327\120\271\204\000\040\306\224\305\175}{table.5}% 15
\BOOKMARK [1][-]{table.8}{\376\377\0004\000.\000\040\256\060\262\245\000\040\306\224\255\154\300\254\325\155}{}% 16
\BOOKMARK [2][-]{section*.4}{\376\377\0004\000.\0001\000\040\254\365\321\265\000\040\300\254\306\251\307\220\000\040\307\170\321\060\323\230\307\164\302\244}{table.8}% 17
\BOOKMARK [2][-]{table.9}{\376\377\0004\000.\0002\000\040\315\224\314\234\000\267\320\320\300\311\000\040\256\060\262\245}{table.8}% 18
\BOOKMARK [2][-]{table.10}{\376\377\0004\000.\0003\000\040\311\300\263\304\000\267\307\004\316\130\000\267\254\275\270\134\000\040\256\060\262\245}{table.8}% 19
\BOOKMARK [2][-]{table.11}{\376\377\0004\000.\0004\000\040\000R\000A\000G\000\267\314\127\275\007\000\267\305\320\307\164\310\004\322\270\000\040\256\060\262\245}{table.8}% 20
\BOOKMARK [2][-]{table.12}{\376\377\0004\000.\0005\000\040\306\170\275\200\000\040\263\160\307\164\321\060\000/\000A\000P\000I\000\040\305\360\263\331}{table.8}% 21
\BOOKMARK [2][-]{table.13}{\376\377\0004\000.\0006\000\040\301\034\276\104\302\244\274\304\000\040\301\070\275\200\000\040\256\060\262\245}{table.8}% 22
\BOOKMARK [2][-]{table.15}{\376\377\0004\000.\0007\000\040\306\264\306\001\000\267\255\000\271\254\000\267\254\200\311\235\000\040\256\060\262\245}{table.8}% 23
\BOOKMARK [2][-]{table.16}{\376\377\0004\000.\0008\000\040\315\224\314\234\000\040\323\014\307\164\325\004\267\174\307\170\000\040\272\205\301\070}{table.8}% 24
\BOOKMARK [1][-]{table.17}{\376\377\0005\000.\000\040\000A\000P\000I\000\040\305\360\263\331\000\040\306\224\255\154\300\254\325\155}{}% 25
\BOOKMARK [2][-]{section*.5}{\376\377\0005\000.\0001\000\040\000G\000o\000o\000g\000l\000e\000\040\000M\000a\000p\000s\000\040\000P\000l\000a\000t\000f\000o\000r\000m}{table.17}% 26
\BOOKMARK [2][-]{table.18}{\376\377\0005\000.\0002\000\040\000K\000a\000k\000a\000o\000\040\000M\000a\000p\000s}{table.17}% 27
\BOOKMARK [2][-]{table.19}{\376\377\0005\000.\0003\000\040\000Y\000a\000h\000o\000o\000\040\000J\000a\000p\000a\000n}{table.17}% 28
\BOOKMARK [2][-]{table.20}{\376\377\0005\000.\0004\000\040\000W\000e\000a\000t\000h\000e\000r\000A\000P\000I\000\040\000\050\260\240\305\050\000\051}{table.17}% 29
\BOOKMARK [2][-]{table.21}{\376\377\0005\000.\0005\000\040\000A\000P\000I\000\040\305\360\263\331\000\040\326\004\326\151\000\040\306\224\305\175}{table.17}% 30
\BOOKMARK [1][-]{table.22}{\376\377\0006\000.\000\040\276\104\256\060\262\245\000\040\306\224\255\154\300\254\325\155}{}% 31
\BOOKMARK [2][-]{section*.6}{\376\377\0006\000.\0001\000\040\301\061\262\245}{table.22}% 32
\BOOKMARK [2][-]{table.23}{\376\377\0006\000.\0002\000\040\274\364\305\110}{table.22}% 33
\BOOKMARK [2][-]{table.24}{\376\377\0006\000.\0003\000\040\326\070\326\130\301\061\000\040\274\017\000\040\310\021\255\374\301\061}{table.22}% 34
\BOOKMARK [1][-]{table.25}{\376\377\0007\000.\000\040\263\160\307\164\321\060\000\040\306\224\255\154\300\254\325\155}{}% 35
\BOOKMARK [2][-]{section*.7}{\376\377\0007\000.\0001\000\040\325\104\306\224\000\040\263\160\307\164\321\060\000\040\325\155\272\251}{table.25}% 36
\BOOKMARK [2][-]{table.26}{\376\377\0007\000.\0002\000\040\263\160\307\164\321\060\000\040\324\210\311\310\000\040\256\060\311\000}{table.25}% 37
\BOOKMARK [1][-]{table.27}{\376\377\0008\000.\000\040\310\034\305\175\300\254\325\155\000\040\274\017\000\040\254\000\310\025}{}% 38
\BOOKMARK [2][-]{section*.8}{\376\377\0008\000.\0001\000\040\256\060\302\040\310\001\000\040\310\034\305\175\300\254\325\155}{table.27}% 39
\BOOKMARK [2][-]{section*.8}{\376\377\0008\000.\0002\000\040\254\000\310\025\300\254\325\155}{table.27}% 40
\BOOKMARK [1][-]{section*.8}{\376\377\0009\000.\000\040\306\010\300\260\305\110\000\267\307\170\270\045\000\040\275\204\274\060\000\267\254\034\274\034\000\040\256\060\325\134}{}% 41
\BOOKMARK [2][-]{section*.9}{\376\377\0009\000.\0001\000\040\306\010\300\260\000\040\300\260\310\025\000\040\256\060\311\000}{section*.8}% 42
\BOOKMARK [2][-]{table.28}{\376\377\0009\000.\0002\000\040\306\010\300\260\305\110}{section*.8}% 43
\BOOKMARK [2][-]{table.29}{\376\377\0009\000.\0003\000\040\307\170\270\045\000\040\305\355\325\140\000\040\310\025\307\130}{section*.8}% 44
\BOOKMARK [2][-]{table.30}{\376\377\0009\000.\0004\000\040\262\350\254\304\274\304\000\040\307\170\270\045\000\040\275\204\274\060}{section*.8}% 45
\BOOKMARK [2][-]{table.31}{\376\377\0009\000.\0005\000\040\254\034\274\034\000\040\256\060\325\134\000\040\274\017\000\040\271\310\307\174\302\244\321\244}{section*.8}% 46
\BOOKMARK [2][-]{table.32}{\376\377\0009\000.\0006\000\040\306\010\300\260\000\267\307\170\270\045\000\267\307\174\310\025\000\040\255\000\271\254\000\040\306\320\316\131}{section*.8}% 47
\BOOKMARK [1][-]{table.32}{\376\377\0001\0000\000.\000\040\274\300\254\275\000\040\307\164\270\045}{}% 48
